[INFO  - 2017-12-18T12:32:29.545Z] GhostDriver - Main - running on port 59064
[INFO  - 2017-12-18T12:32:30.659Z] Session [83d4f4f0-e3ef-11e7-a00e-1374949fc4f8] - page.settings - {"XSSAuditingEnabled":false,"javascriptCanCloseWindows":true,"javascriptCanOpenWindows":true,"javascriptEnabled":true,"loadImages":true,"localToRemoteUrlAccessEnabled":false,"userAgent":"Mozilla/5.0 (Windows NT 6.2; WOW64) AppleWebKit/538.1 (KHTML, like Gecko) PhantomJS/2.1.1 Safari/538.1","webSecurityEnabled":true}
[INFO  - 2017-12-18T12:32:30.659Z] Session [83d4f4f0-e3ef-11e7-a00e-1374949fc4f8] - page.customHeaders:  - {}
[INFO  - 2017-12-18T12:32:30.659Z] Session [83d4f4f0-e3ef-11e7-a00e-1374949fc4f8] - Session.negotiatedCapabilities - {"browserName":"phantomjs","version":"2.1.1","driverName":"ghostdriver","driverVersion":"1.2.0","platform":"windows-10-32bit","javascriptEnabled":true,"takesScreenshot":true,"handlesAlerts":false,"databaseEnabled":false,"locationContextEnabled":false,"applicationCacheEnabled":false,"browserConnectionEnabled":false,"cssSelectorsEnabled":true,"webStorageEnabled":false,"rotatable":false,"acceptSslCerts":false,"nativeEvents":true,"proxy":{"proxyType":"direct"}}
[INFO  - 2017-12-18T12:32:30.659Z] SessionManagerReqHand - _postNewSessionCommand - New Session Created: 83d4f4f0-e3ef-11e7-a00e-1374949fc4f8
[ERROR - 2017-12-18T12:32:31.168Z] Session [83d4f4f0-e3ef-11e7-a00e-1374949fc4f8] - page.onError - msg: TypeError: undefined is not a constructor (evaluating 'jQuery110209685329389758408_1513600350816')

  phantomjs://platform/console++.js:263 in error
[ERROR - 2017-12-18T12:32:31.169Z] Session [83d4f4f0-e3ef-11e7-a00e-1374949fc4f8] - page.onError - stack:
  global code (https://sp0.baidu.com/5a1Fazu8AA54nxGko9WTAnF6hhy/su?wd=vu&json=1&p=3&sid=25347_1443_24866_21078_17001_25178_22074&csor=2&pwd=v&cb=jQuery110209685329389758408_1513600350816&_=1513600350819:1)

  phantomjs://platform/console++.js:263 in error
[ERROR - 2017-12-18T12:32:31.169Z] Session [83d4f4f0-e3ef-11e7-a00e-1374949fc4f8] - page.onError - msg: TypeError: undefined is not a constructor (evaluating 'jQuery110209685329389758408_1513600350816')

  phantomjs://platform/console++.js:263 in error
[ERROR - 2017-12-18T12:32:31.169Z] Session [83d4f4f0-e3ef-11e7-a00e-1374949fc4f8] - page.onError - stack:
  global code (https://sp0.baidu.com/5a1Fazu8AA54nxGko9WTAnF6hhy/su?wd=v&json=1&p=3&sid=25347_1443_24866_21078_17001_25178_22074&csor=1&cb=jQuery110209685329389758408_1513600350816&_=1513600350818:1)

  phantomjs://platform/console++.js:263 in error
[ERROR - 2017-12-18T12:32:31.171Z] Session [83d4f4f0-e3ef-11e7-a00e-1374949fc4f8] - page.onError - msg: TypeError: undefined is not a constructor (evaluating 'jQuery110209685329389758408_1513600350816')

  phantomjs://platform/console++.js:263 in error
[ERROR - 2017-12-18T12:32:31.171Z] Session [83d4f4f0-e3ef-11e7-a00e-1374949fc4f8] - page.onError - stack:
  global code (https://sp0.baidu.com/5a1Fazu8AA54nxGko9WTAnF6hhy/su?wd=vue&json=1&p=3&sid=25347_1443_24866_21078_17001_25178_22074&csor=3&pwd=vu&cb=jQuery110209685329389758408_1513600350816&_=1513600350820:1)

  phantomjs://platform/console++.js:263 in error
